{"C:\\projetos\\projeto-bootcamp\\app.js": {"path":"C:\\projetos\\projeto-bootcamp\\app.js","statementMap":{"0":{"start":{"line":1,"column":16},"end":{"line":1,"column":34}},"1":{"start":{"line":3,"column":12},"end":{"line":3,"column":21}},"2":{"start":{"line":4,"column":0},"end":{"line":4,"column":23}},"3":{"start":{"line":6,"column":0},"end":{"line":10,"column":2}},"4":{"start":{"line":7,"column":4},"end":{"line":9,"column":6}},"5":{"start":{"line":12,"column":0},"end":{"line":16,"column":2}},"6":{"start":{"line":13,"column":4},"end":{"line":15,"column":6}},"7":{"start":{"line":18,"column":0},"end":{"line":18,"column":31}},"8":{"start":{"line":19,"column":0},"end":{"line":19,"column":21}}},"fnMap":{"0":{"name":"(anonymous_0)","decl":{"start":{"line":6,"column":13},"end":{"line":6,"column":14}},"loc":{"start":{"line":6,"column":27},"end":{"line":10,"column":1}},"line":6},"1":{"name":"(anonymous_1)","decl":{"start":{"line":12,"column":18},"end":{"line":12,"column":19}},"loc":{"start":{"line":12,"column":32},"end":{"line":16,"column":1}},"line":12}},"branchMap":{},"s":{"0":1,"1":1,"2":1,"3":1,"4":1,"5":1,"6":1,"7":1,"8":1},"f":{"0":1,"1":1},"b":{},"_coverageSchema":"1a1c01bbd47fc00a2c39e90264f33305004495a9","hash":"47e3bea57e579f1b895e8103b3cfe51b1951f78e"}
,"C:\\projetos\\projeto-bootcamp\\config\\config.js": {"path":"C:\\projetos\\projeto-bootcamp\\config\\config.js","statementMap":{"0":{"start":{"line":1,"column":0},"end":{"line":1,"column":26}},"1":{"start":{"line":11,"column":0},"end":{"line":14,"column":1}}},"fnMap":{},"branchMap":{},"s":{"0":1,"1":1},"f":{},"b":{},"_coverageSchema":"1a1c01bbd47fc00a2c39e90264f33305004495a9","hash":"c40331177bd7cd54074224afd4edf7b49606fee3"}
,"C:\\projetos\\projeto-bootcamp\\controller\\category.controller.js": {"path":"C:\\projetos\\projeto-bootcamp\\controller\\category.controller.js","statementMap":{"0":{"start":{"line":1,"column":21},"end":{"line":1,"column":47}},"1":{"start":{"line":2,"column":16},"end":{"line":2,"column":34}},"2":{"start":{"line":4,"column":0},"end":{"line":28,"column":1}},"3":{"start":{"line":5,"column":32},"end":{"line":5,"column":40}},"4":{"start":{"line":7,"column":25},"end":{"line":7,"column":58}},"5":{"start":{"line":9,"column":24},"end":{"line":13,"column":5}},"6":{"start":{"line":20,"column":29},"end":{"line":20,"column":110}},"7":{"start":{"line":21,"column":4},"end":{"line":23,"column":5}},"8":{"start":{"line":22,"column":8},"end":{"line":22,"column":83}},"9":{"start":{"line":25,"column":26},"end":{"line":25,"column":60}},"10":{"start":{"line":27,"column":4},"end":{"line":27,"column":46}},"11":{"start":{"line":30,"column":0},"end":{"line":35,"column":1}},"12":{"start":{"line":32,"column":30},"end":{"line":32,"column":54}},"13":{"start":{"line":34,"column":4},"end":{"line":34,"column":50}}},"fnMap":{"0":{"name":"(anonymous_0)","decl":{"start":{"line":4,"column":25},"end":{"line":4,"column":26}},"loc":{"start":{"line":4,"column":51},"end":{"line":28,"column":1}},"line":4},"1":{"name":"(anonymous_1)","decl":{"start":{"line":30,"column":25},"end":{"line":30,"column":26}},"loc":{"start":{"line":30,"column":51},"end":{"line":35,"column":1}},"line":30}},"branchMap":{"0":{"loc":{"start":{"line":21,"column":4},"end":{"line":23,"column":5}},"type":"if","locations":[{"start":{"line":21,"column":4},"end":{"line":23,"column":5}},{"start":{},"end":{}}],"line":21}},"s":{"0":1,"1":1,"2":1,"3":1,"4":1,"5":1,"6":1,"7":1,"8":1,"9":0,"10":0,"11":1,"12":0,"13":0},"f":{"0":1,"1":0},"b":{"0":[1,0]},"_coverageSchema":"1a1c01bbd47fc00a2c39e90264f33305004495a9","hash":"77dc9ea04f3cfd6bb7061b5e8c15b9618df7255a"}
,"C:\\projetos\\projeto-bootcamp\\controller\\product.controller.js": {"path":"C:\\projetos\\projeto-bootcamp\\controller\\product.controller.js","statementMap":{"0":{"start":{"line":1,"column":20},"end":{"line":1,"column":46}},"1":{"start":{"line":2,"column":16},"end":{"line":2,"column":34}},"2":{"start":{"line":4,"column":0},"end":{"line":26,"column":1}},"3":{"start":{"line":6,"column":58},"end":{"line":6,"column":66}},"4":{"start":{"line":8,"column":4},"end":{"line":10,"column":5}},"5":{"start":{"line":9,"column":8},"end":{"line":9,"column":102}},"6":{"start":{"line":12,"column":24},"end":{"line":12,"column":55}},"7":{"start":{"line":14,"column":23},"end":{"line":21,"column":5}},"8":{"start":{"line":23,"column":25},"end":{"line":23,"column":57}},"9":{"start":{"line":25,"column":4},"end":{"line":25,"column":45}},"10":{"start":{"line":28,"column":0},"end":{"line":34,"column":1}},"11":{"start":{"line":30,"column":28},"end":{"line":30,"column":51}},"12":{"start":{"line":32,"column":4},"end":{"line":32,"column":48}},"13":{"start":{"line":37,"column":0},"end":{"line":39,"column":1}}},"fnMap":{"0":{"name":"(anonymous_0)","decl":{"start":{"line":4,"column":24},"end":{"line":4,"column":25}},"loc":{"start":{"line":4,"column":50},"end":{"line":26,"column":1}},"line":4},"1":{"name":"(anonymous_1)","decl":{"start":{"line":28,"column":23},"end":{"line":28,"column":24}},"loc":{"start":{"line":28,"column":49},"end":{"line":34,"column":1}},"line":28},"2":{"name":"(anonymous_2)","decl":{"start":{"line":37,"column":25},"end":{"line":37,"column":26}},"loc":{"start":{"line":37,"column":51},"end":{"line":39,"column":1}},"line":37}},"branchMap":{"0":{"loc":{"start":{"line":8,"column":4},"end":{"line":10,"column":5}},"type":"if","locations":[{"start":{"line":8,"column":4},"end":{"line":10,"column":5}},{"start":{},"end":{}}],"line":8},"1":{"loc":{"start":{"line":8,"column":7},"end":{"line":8,"column":48}},"type":"binary-expr","locations":[{"start":{"line":8,"column":7},"end":{"line":8,"column":12}},{"start":{"line":8,"column":16},"end":{"line":8,"column":26}},{"start":{"line":8,"column":30},"end":{"line":8,"column":38}},{"start":{"line":8,"column":42},"end":{"line":8,"column":48}}],"line":8}},"s":{"0":1,"1":1,"2":1,"3":0,"4":0,"5":0,"6":0,"7":0,"8":0,"9":0,"10":1,"11":0,"12":0,"13":1},"f":{"0":0,"1":0,"2":0},"b":{"0":[0,0],"1":[0,0,0,0]},"_coverageSchema":"1a1c01bbd47fc00a2c39e90264f33305004495a9","hash":"d8e5941fa8b5208cd57f90707a643ff8f7f895ae"}
,"C:\\projetos\\projeto-bootcamp\\controller\\store.controller.js": {"path":"C:\\projetos\\projeto-bootcamp\\controller\\store.controller.js","statementMap":{"0":{"start":{"line":1,"column":18},"end":{"line":1,"column":44}},"1":{"start":{"line":2,"column":16},"end":{"line":2,"column":34}},"2":{"start":{"line":4,"column":0},"end":{"line":15,"column":1}},"3":{"start":{"line":5,"column":36},"end":{"line":5,"column":44}},"4":{"start":{"line":6,"column":17},"end":{"line":6,"column":45}},"5":{"start":{"line":8,"column":21},"end":{"line":10,"column":5}},"6":{"start":{"line":12,"column":23},"end":{"line":12,"column":51}},"7":{"start":{"line":14,"column":4},"end":{"line":14,"column":31}}},"fnMap":{"0":{"name":"(anonymous_0)","decl":{"start":{"line":4,"column":22},"end":{"line":4,"column":23}},"loc":{"start":{"line":4,"column":48},"end":{"line":15,"column":1}},"line":4}},"branchMap":{},"s":{"0":1,"1":1,"2":1,"3":0,"4":0,"5":0,"6":0,"7":0},"f":{"0":0},"b":{},"_coverageSchema":"1a1c01bbd47fc00a2c39e90264f33305004495a9","hash":"4cc8ad2bb1d6c5ee0f7d8d1eaa52ac1dc21b5536"}
,"C:\\projetos\\projeto-bootcamp\\controller\\user.controller.js": {"path":"C:\\projetos\\projeto-bootcamp\\controller\\user.controller.js","statementMap":{"0":{"start":{"line":1,"column":17},"end":{"line":1,"column":43}},"1":{"start":{"line":2,"column":15},"end":{"line":2,"column":34}},"2":{"start":{"line":3,"column":13},"end":{"line":3,"column":35}},"3":{"start":{"line":4,"column":13},"end":{"line":4,"column":49}},"4":{"start":{"line":6,"column":0},"end":{"line":10,"column":1}},"5":{"start":{"line":7,"column":4},"end":{"line":9,"column":6}},"6":{"start":{"line":12,"column":0},"end":{"line":42,"column":1}},"7":{"start":{"line":15,"column":35},"end":{"line":15,"column":43}},"8":{"start":{"line":18,"column":25},"end":{"line":18,"column":53}},"9":{"start":{"line":20,"column":20},"end":{"line":24,"column":5}},"10":{"start":{"line":27,"column":25},"end":{"line":27,"column":61}},"11":{"start":{"line":29,"column":4},"end":{"line":31,"column":5}},"12":{"start":{"line":30,"column":8},"end":{"line":30,"column":56}},"13":{"start":{"line":34,"column":22},"end":{"line":34,"column":48}},"14":{"start":{"line":38,"column":4},"end":{"line":38,"column":74}},"15":{"start":{"line":41,"column":4},"end":{"line":41,"column":42}},"16":{"start":{"line":45,"column":0},"end":{"line":49,"column":1}},"17":{"start":{"line":46,"column":22},"end":{"line":46,"column":42}},"18":{"start":{"line":48,"column":4},"end":{"line":48,"column":42}}},"fnMap":{"0":{"name":"(anonymous_0)","decl":{"start":{"line":6,"column":16},"end":{"line":6,"column":17}},"loc":{"start":{"line":6,"column":30},"end":{"line":10,"column":1}},"line":6},"1":{"name":"(anonymous_1)","decl":{"start":{"line":12,"column":21},"end":{"line":12,"column":22}},"loc":{"start":{"line":12,"column":47},"end":{"line":42,"column":1}},"line":12},"2":{"name":"(anonymous_2)","decl":{"start":{"line":45,"column":20},"end":{"line":45,"column":21}},"loc":{"start":{"line":45,"column":46},"end":{"line":49,"column":1}},"line":45}},"branchMap":{"0":{"loc":{"start":{"line":29,"column":4},"end":{"line":31,"column":5}},"type":"if","locations":[{"start":{"line":29,"column":4},"end":{"line":31,"column":5}},{"start":{},"end":{}}],"line":29}},"s":{"0":1,"1":1,"2":1,"3":1,"4":1,"5":0,"6":1,"7":2,"8":2,"9":2,"10":2,"11":2,"12":2,"13":0,"14":0,"15":0,"16":1,"17":0,"18":0},"f":{"0":0,"1":2,"2":0},"b":{"0":[2,0]},"_coverageSchema":"1a1c01bbd47fc00a2c39e90264f33305004495a9","hash":"6d0b20c24ed80b8ab5830b94ba94d5d3a7b5c5bb"}
,"C:\\projetos\\projeto-bootcamp\\models\\category.js": {"path":"C:\\projetos\\projeto-bootcamp\\models\\category.js","statementMap":{"0":{"start":{"line":4,"column":4},"end":{"line":4,"column":24}},"1":{"start":{"line":5,"column":0},"end":{"line":25,"column":2}},"2":{"start":{"line":16,"column":2},"end":{"line":23,"column":5}},"3":{"start":{"line":24,"column":2},"end":{"line":24,"column":18}}},"fnMap":{"0":{"name":"(anonymous_0)","decl":{"start":{"line":5,"column":17},"end":{"line":5,"column":18}},"loc":{"start":{"line":5,"column":43},"end":{"line":25,"column":1}},"line":5},"1":{"name":"(anonymous_1)","decl":{"start":{"line":12,"column":4},"end":{"line":12,"column":5}},"loc":{"start":{"line":12,"column":29},"end":{"line":14,"column":5}},"line":12}},"branchMap":{},"s":{"0":1,"1":1,"2":1,"3":1},"f":{"0":1,"1":1},"b":{},"_coverageSchema":"1a1c01bbd47fc00a2c39e90264f33305004495a9","hash":"3838ed8e784032d668a8be61790bc93dc5646592"}
,"C:\\projetos\\projeto-bootcamp\\models\\index.js": {"path":"C:\\projetos\\projeto-bootcamp\\models\\index.js","statementMap":{"0":{"start":{"line":3,"column":11},"end":{"line":3,"column":24}},"1":{"start":{"line":4,"column":13},"end":{"line":4,"column":28}},"2":{"start":{"line":5,"column":18},"end":{"line":5,"column":38}},"3":{"start":{"line":6,"column":16},"end":{"line":6,"column":34}},"4":{"start":{"line":7,"column":17},"end":{"line":7,"column":42}},"5":{"start":{"line":8,"column":15},"end":{"line":8,"column":58}},"6":{"start":{"line":9,"column":11},"end":{"line":9,"column":13}},"7":{"start":{"line":12,"column":0},"end":{"line":12,"column":85}},"8":{"start":{"line":15,"column":0},"end":{"line":23,"column":5}},"9":{"start":{"line":18,"column":4},"end":{"line":18,"column":90}},"10":{"start":{"line":21,"column":18},"end":{"line":21,"column":85}},"11":{"start":{"line":22,"column":4},"end":{"line":22,"column":27}},"12":{"start":{"line":25,"column":0},"end":{"line":29,"column":3}},"13":{"start":{"line":26,"column":2},"end":{"line":28,"column":3}},"14":{"start":{"line":27,"column":4},"end":{"line":27,"column":32}},"15":{"start":{"line":31,"column":0},"end":{"line":31,"column":25}},"16":{"start":{"line":32,"column":0},"end":{"line":32,"column":25}},"17":{"start":{"line":34,"column":0},"end":{"line":34,"column":20}}},"fnMap":{"0":{"name":"(anonymous_0)","decl":{"start":{"line":17,"column":10},"end":{"line":17,"column":11}},"loc":{"start":{"line":17,"column":18},"end":{"line":19,"column":3}},"line":17},"1":{"name":"(anonymous_1)","decl":{"start":{"line":20,"column":11},"end":{"line":20,"column":12}},"loc":{"start":{"line":20,"column":19},"end":{"line":23,"column":3}},"line":20},"2":{"name":"(anonymous_2)","decl":{"start":{"line":25,"column":24},"end":{"line":25,"column":25}},"loc":{"start":{"line":25,"column":37},"end":{"line":29,"column":1}},"line":25}},"branchMap":{"0":{"loc":{"start":{"line":18,"column":11},"end":{"line":18,"column":89}},"type":"binary-expr","locations":[{"start":{"line":18,"column":12},"end":{"line":18,"column":35}},{"start":{"line":18,"column":41},"end":{"line":18,"column":58}},{"start":{"line":18,"column":64},"end":{"line":18,"column":88}}],"line":18},"1":{"loc":{"start":{"line":26,"column":2},"end":{"line":28,"column":3}},"type":"if","locations":[{"start":{"line":26,"column":2},"end":{"line":28,"column":3}},{"start":{},"end":{}}],"line":26}},"s":{"0":1,"1":1,"2":1,"3":1,"4":1,"5":1,"6":1,"7":1,"8":1,"9":5,"10":4,"11":4,"12":1,"13":4,"14":4,"15":1,"16":1,"17":1},"f":{"0":5,"1":4,"2":4},"b":{"0":[5,5,4],"1":[4,0]},"_coverageSchema":"1a1c01bbd47fc00a2c39e90264f33305004495a9","hash":"7b9d5728b3d9dc0ad7799e5bb2e2bab3a69fc67e"}
,"C:\\projetos\\projeto-bootcamp\\models\\product.js": {"path":"C:\\projetos\\projeto-bootcamp\\models\\product.js","statementMap":{"0":{"start":{"line":4,"column":4},"end":{"line":4,"column":24}},"1":{"start":{"line":5,"column":0},"end":{"line":28,"column":2}},"2":{"start":{"line":16,"column":2},"end":{"line":26,"column":5}},"3":{"start":{"line":27,"column":2},"end":{"line":27,"column":17}}},"fnMap":{"0":{"name":"(anonymous_0)","decl":{"start":{"line":5,"column":17},"end":{"line":5,"column":18}},"loc":{"start":{"line":5,"column":43},"end":{"line":28,"column":1}},"line":5},"1":{"name":"(anonymous_1)","decl":{"start":{"line":12,"column":4},"end":{"line":12,"column":5}},"loc":{"start":{"line":12,"column":29},"end":{"line":14,"column":5}},"line":12}},"branchMap":{},"s":{"0":1,"1":1,"2":1,"3":1},"f":{"0":1,"1":1},"b":{},"_coverageSchema":"1a1c01bbd47fc00a2c39e90264f33305004495a9","hash":"b69c7915fcf2bb627541e0798407139384be2e42"}
,"C:\\projetos\\projeto-bootcamp\\models\\store.js": {"path":"C:\\projetos\\projeto-bootcamp\\models\\store.js","statementMap":{"0":{"start":{"line":4,"column":4},"end":{"line":4,"column":24}},"1":{"start":{"line":5,"column":0},"end":{"line":26,"column":2}},"2":{"start":{"line":16,"column":2},"end":{"line":24,"column":5}},"3":{"start":{"line":25,"column":2},"end":{"line":25,"column":15}}},"fnMap":{"0":{"name":"(anonymous_0)","decl":{"start":{"line":5,"column":17},"end":{"line":5,"column":18}},"loc":{"start":{"line":5,"column":43},"end":{"line":26,"column":1}},"line":5},"1":{"name":"(anonymous_1)","decl":{"start":{"line":12,"column":4},"end":{"line":12,"column":5}},"loc":{"start":{"line":12,"column":29},"end":{"line":14,"column":5}},"line":12}},"branchMap":{},"s":{"0":1,"1":1,"2":1,"3":1},"f":{"0":1,"1":1},"b":{},"_coverageSchema":"1a1c01bbd47fc00a2c39e90264f33305004495a9","hash":"2bfa43d44e23d8c55b2e0fa78f26335e324adfff"}
,"C:\\projetos\\projeto-bootcamp\\models\\user.js": {"path":"C:\\projetos\\projeto-bootcamp\\models\\user.js","statementMap":{"0":{"start":{"line":4,"column":4},"end":{"line":4,"column":24}},"1":{"start":{"line":5,"column":0},"end":{"line":25,"column":2}},"2":{"start":{"line":16,"column":2},"end":{"line":23,"column":5}},"3":{"start":{"line":24,"column":2},"end":{"line":24,"column":14}}},"fnMap":{"0":{"name":"(anonymous_0)","decl":{"start":{"line":5,"column":17},"end":{"line":5,"column":18}},"loc":{"start":{"line":5,"column":43},"end":{"line":25,"column":1}},"line":5},"1":{"name":"(anonymous_1)","decl":{"start":{"line":12,"column":4},"end":{"line":12,"column":5}},"loc":{"start":{"line":12,"column":29},"end":{"line":14,"column":5}},"line":12}},"branchMap":{},"s":{"0":1,"1":1,"2":1,"3":1},"f":{"0":1,"1":1},"b":{},"_coverageSchema":"1a1c01bbd47fc00a2c39e90264f33305004495a9","hash":"24b2c4218765f9ce8916b46bef04b33e82e4fea1"}
,"C:\\projetos\\projeto-bootcamp\\routes\\routes.js": {"path":"C:\\projetos\\projeto-bootcamp\\routes\\routes.js","statementMap":{"0":{"start":{"line":1,"column":0},"end":{"line":20,"column":1}},"1":{"start":{"line":2,"column":19},"end":{"line":2,"column":46}},"2":{"start":{"line":3,"column":27},"end":{"line":3,"column":67}},"3":{"start":{"line":4,"column":31},"end":{"line":4,"column":75}},"4":{"start":{"line":5,"column":28},"end":{"line":5,"column":69}},"5":{"start":{"line":6,"column":30},"end":{"line":6,"column":73}},"6":{"start":{"line":8,"column":4},"end":{"line":8,"column":50}},"7":{"start":{"line":9,"column":4},"end":{"line":9,"column":51}},"8":{"start":{"line":11,"column":4},"end":{"line":11,"column":63}},"9":{"start":{"line":12,"column":4},"end":{"line":12,"column":64}},"10":{"start":{"line":14,"column":4},"end":{"line":14,"column":60}},"11":{"start":{"line":15,"column":4},"end":{"line":15,"column":59}},"12":{"start":{"line":17,"column":4},"end":{"line":17,"column":54}},"13":{"start":{"line":19,"column":4},"end":{"line":19,"column":27}}},"fnMap":{"0":{"name":"(anonymous_0)","decl":{"start":{"line":1,"column":17},"end":{"line":1,"column":18}},"loc":{"start":{"line":1,"column":24},"end":{"line":20,"column":1}},"line":1}},"branchMap":{},"s":{"0":1,"1":1,"2":1,"3":1,"4":1,"5":1,"6":1,"7":1,"8":1,"9":1,"10":1,"11":1,"12":1,"13":1},"f":{"0":1},"b":{},"_coverageSchema":"1a1c01bbd47fc00a2c39e90264f33305004495a9","hash":"47411fdd9be14173ab81f58eeb6527a7e010bd1c"}
,"C:\\projetos\\projeto-bootcamp\\services\\email.service.js": {"path":"C:\\projetos\\projeto-bootcamp\\services\\email.service.js","statementMap":{"0":{"start":{"line":1,"column":15},"end":{"line":1,"column":40}},"1":{"start":{"line":3,"column":16},"end":{"line":3,"column":44}},"2":{"start":{"line":5,"column":0},"end":{"line":5,"column":30}},"3":{"start":{"line":7,"column":0},"end":{"line":15,"column":1}},"4":{"start":{"line":8,"column":4},"end":{"line":14,"column":7}}},"fnMap":{"0":{"name":"(anonymous_0)","decl":{"start":{"line":7,"column":15},"end":{"line":7,"column":16}},"loc":{"start":{"line":7,"column":43},"end":{"line":15,"column":1}},"line":7}},"branchMap":{},"s":{"0":1,"1":1,"2":1,"3":1,"4":0},"f":{"0":0},"b":{},"_coverageSchema":"1a1c01bbd47fc00a2c39e90264f33305004495a9","hash":"75c7d9df83ba8283e96328db2ed7c1b865146285"}
}
